07.24.2013::20:50:17> | Connecting to server irc.freenode.net:6667 and joining #botbotclient
07.24.2013::20:50:17> | >>> NICK botbotclient

07.24.2013::20:50:17> | >>> USER botbotclient botbotclient botbotclient :botbotclient

07.24.2013::20:50:20> | welcome
07.24.2013::20:50:20> | >>> JOIN #botbotclient

07.24.2013::20:50:20> | :cameron.freenode.net NOTICE * :*** Looking up your hostname...
:cameron.freenode.net NOTICE * :*** Checking Ident
:cameron.freenode.net NOTICE * :*** Found your hostname

07.24.2013::20:50:27> | :cameron.freenode.net NOTICE * :*** No Ident response

07.24.2013::20:50:27> | :cameron.freenode.net 001 botbotclient :Welcome to the freenode Internet Relay Chat Network botbotclient
:cameron.freenode.net 002 botbotclient :Your host is cameron.freenode.net[84.240.3.129/6667], running version ircd-seven-1.1.3
:cameron.freenode.net 003 botbotclient :This server was created Sat Feb 25 2012 at 17:22:16 EET
:cameron.freenode.net 004 botbotclient cameron.freenode.net ircd-seven-1.1.3 DOQRSZaghilopswz CFILMPQSbcefgijklmnopqrstvz bkloveqjfI
:cameron.freenode.net 005 botbotclient CHANTYPES=# EXCEPTS INVEX CHANMODES=eIbq,k,flj,CFLMPQScgimnprstz CHANLIMIT=#:120 PREFIX=(ov)@+ MAXLIST=bqeI:100 MODES=4 NETWORK=freenode KNOCK STATUSMSG=@+ CALLERID=g :are supported by this server
:cameron.freenode.net 005 botbotclient CASEMAPPING=rfc1459 CHARSET=ascii NICKLEN=16 CHANNELLEN=50 TOPICLEN=390 ETRACE CPRIVMSG CNOTICE DEAF=D MONITOR=100 FNC TARGMAX=NAMES:1,LIST:1,KICK:1,WHOIS:1,PRIVMSG:4,NOTICE:4,ACCEPT:,MONITOR: :are supported by this server
:cameron.freenode.net 005 botbotclient EXTBAN=$,arxz WHOX CLIENTVER=3.0 SAFELIST ELIST=CTU :are supported by this server
:cameron.freenode.net 251 botbotclient :There are 192 users and 73522 invisible on 26 servers
:cameron.freenode.net 252 botbotclient 33 :IRC Operators online
:cameron.freenode.net 253 botbotclient 7 :unknown connection(s)
:cameron.freenode.net 254 botbotclient 41892 :channels formed
:cameron.freenode.net 255 botbotclient :I have 3479 clients and 3 servers
:cameron.freenode.net 265 botbotclient 3479 9497 :Current local users 3479, max 9497
:cameron.freenode.net 266 botbotclient 73714 92550 :Current global users 73714, max 92550
:cameron.freenode.net 250 botbotclient :Highest connection count: 9498 (9497 clients) (4196568 connections received)
:cameron.freenode.net 375 botbotclient :- cameron.freenode.net Message of the Day - 
:cameron.freenode.net 372 botbotclient :- Welcome to cameron.freenode.net, hosted in Vilnius, Lithuania. 
:cameron.freenode.net 372 botbotclient :- Thanks to Skynet (http://www.skynet.lt) for sponsoring this server!
:cameron.freenode.net 372 botbotclient :-  
:cameron.freenode.net 372 botbotclient :- CAMERON, JAMES (1954-). Canadian screenwriter/director James Cameron has 
:cameron.freenode.net 372 botbotclient :- been involved in the production of many of the film "greatest hits" 
:cameron.freenode.net 372 botbotclient :- of the past 25 years, including the Terminator movies and the 3D
:cameron.freenode.net 372 botbotclient :- blockbuster Avatar.
:cameron.freenode.net 372 botbotclient :-  
:cameron.freenode.net 372 botbotclient :- Welcome to freenode - supporting the free and open source
:cameron.freenode.net 372 botbotclient :- software communities since 1998.
:cameron.freenode.net 372 botbotclient :-  
:cameron.freenode.net 372 botbotclient :- By connecting to freenode you indicate that you have read and
:cameron.freenode.net 372 botb
07.24.2013::20:50:28> | otclient :- agree to adhere to our policies and procedures as per the
:cameron.freenode.net 372 botbotclient :- website (http://freenode.net/).
:cameron.freenode.net 372 botbotclient :-  
:cameron.freenode.net 372 botbotclient :- We would like to remind you that unauthorised public logging
:cameron.freenode.net 372 botbotclient :- of channels on the network is prohibited. Public channel
:cameron.freenode.net 372 botbotclient :- logging should only take place where the channel owner(s) has
:cameron.freenode.net 372 botbotclient :- requested this and users of the channel are all made aware
:cameron.freenode.net 372 botbotclient :- (if you are publically logging your channel, you may wish to 
:cameron.freenode.net 372 botbotclient :- keep a notice in the topic and perhaps as an on-join message).
:cameron.freenode.net 372 botbotclient :-  
:cameron.freenode.net 372 botbotclient :- freenode runs an open proxy scanner. For details on freenode 
:cameron.freenode.net 372 botbotclient :- network policy, please take a look at our policy page 
:cameron.freenode.net 372 botbotclient :- (http://freenode.net/policy.shtml).  Your use of the network
:cameron.freenode.net 372 botbotclient :- indicates your acceptance of this policy.
:cameron.freenode.net 372 botbotclient :-  
:cameron.freenode.net 372 botbotclient :- Please join #freenode for any network-related questions or
:cameron.freenode.net 372 botbotclient :- queries, 
07.24.2013::20:50:28> | 72 botbotclient :- ***************************************************************
:cameron.freenode.net 376 botbotclient :End of /MOTD command.
:botbotclient MODE botbotclient :+i

07.24.2013::20:50:28> | there are numerous freenode volunteers and helpful
:cameron.freenode.net 372 botbotclient :- users who would be happy to try answer any questions you might
:cameron.freenode.net 372 botbotclient :- have.
:cameron.freenode.net 372 botbotclient :-  
:cameron.freenode.net 372 botbotclient :- Check out www.fossevents.org to find out what is happening in
:cameron.freenode.net 372 botbotclient :- your area, join us at FOSSCON (www.fosscon.org) for talks and
:cameron.freenode.net 372 botbotclient :- real-life collaboration or bring a picnic and come join
:cameron.freenode.net 372 botbotclient :- like-minded geeks for a geeknic (www.geeknic.org) somewhere
:cameron.freenode.net 372 botbotclient :- close to you. 
:cameron.freenode.net 372 botbotclient :- Lastly, massive thanks to the OSU Open Source Lab
:cameron.freenode.net 372 botbotclient :- (http://osuosl.org/) and Private Internet Access
:cameron.freenode.net 372 botbotclient :- (https://www.privateinternetaccess.com/) for their sustained,
:cameron.freenode.net 372 botbotclient :- long term support and dedication they show to the FOSS
:cameron.freenode.net 372 botbotclient :- communities.
:cameron.freenode.net 372 botbotclient :-  
:cameron.freenode.net 372 botbotclient :- ***************************************************************
:cameron.freenode.net 372 botbotclient :- Please read http://blog.freenode.net/2010/11/be-safe-out-there/
:cameron.freenode.net 3
07.24.2013::20:50:33> | :botbotclient!~botbotcli@c-24-17-177-226.hsd1.wa.comcast.net JOIN #botbotclient

07.24.2013::20:50:33> | :cameron.freenode.net 332 botbotclient #botbotclient :Welcome to the botbot channel! If you are here and don't know why checkout readme.txt.
:cameron.freenode.net 333 botbotclient #botbotclient khile 1374030089
:cameron.freenode.net 353 botbotclient @ #botbotclient :botbotclient khile
:cameron.freenode.net 366 botbotclient #botbotclient :End of /NAMES list.

07.24.2013::20:50:38> | :khile!~null@198.144.186.169 PRIVMSG #botbotclient :!help

07.24.2013::20:50:38> | >>> PRIVMSG khile :    <> - required parameter

07.24.2013::20:50:38> | >>> PRIVMSG khile :    [] - optional parameter

07.24.2013::20:50:38> | >>> PRIVMSG khile : 

07.24.2013::20:50:38> | >>> PRIVMSG khile :-Command-                           -Description-

07.24.2013::20:50:38> | >>> PRIVMSG khile :For detailed help use !help [command]

07.24.2013::20:50:38> | >>> PRIVMSG khile :!help ............................. List available commands.

07.24.2013::20:50:38> | >>> PRIVMSG khile :!q <query> ........................ Provide a search results link.

07.24.2013::20:50:38> | >>> PRIVMSG khile :!tell <nick> <message> ............ Leave someone a message.

07.24.2013::20:50:38> | >>> PRIVMSG khile :!lstell ........................... List pending messages.

07.24.2013::20:50:38> | >>> PRIVMSG khile :!urlq <query> ..................... Search urls.

07.24.2013::20:50:38> | >>> PRIVMSG khile :!urls [n] ......................... List urls.

07.24.2013::20:50:50> | >>> PING irc.freenode.net

07.24.2013::20:50:50> | :cameron.freenode.net PONG cameron.freenode.net :irc.freenode.net

07.24.2013::20:50:53> | :khile!~null@198.144.186.169 PRIVMSG botbotclient :!urls

07.24.2013::20:50:53> | >>> PRIVMSG khile :1. Google

07.24.2013::20:50:53> | >>> PRIVMSG khile :    http://www.google.com/

07.24.2013::20:51:01> | :khile!~null@198.144.186.169 PRIVMSG botbotclient :!help q

07.24.2013::20:51:01> | >>> PRIVMSG khile :!q <query>

07.24.2013::20:51:01> | >>> PRIVMSG khile :        In this example we will use the google bang (!g).

07.24.2013::20:51:01> | >>> PRIVMSG khile :    Bang Syntax:

07.24.2013::20:51:01> | >>> PRIVMSG khile :    bangs for search redirection.

07.24.2013::20:51:01> | >>> PRIVMSG khile :    Query the duck duck go search engine. You can include

07.24.2013::20:51:01> | >>> PRIVMSG khile :                !q !g hello world

07.24.2013::20:51:01> | >>> PRIVMSG khile :        A list of supported bangs are provided in the link below.

07.24.2013::20:51:01> | >>> PRIVMSG khile :            DuckDuckGo as the search engine:

07.24.2013::20:51:01> | >>> PRIVMSG khile :            This will search for the term "hello world" using

07.24.2013::20:51:01> | >>> PRIVMSG khile :            You can replace !g with any other supported bang.

07.24.2013::20:51:01> | >>> PRIVMSG khile :            These will seach google for the term "hello world":

07.24.2013::20:51:01> | >>> PRIVMSG khile :                !q hello world!g

07.24.2013::20:51:01> | >>> PRIVMSG khile :                !q hello world

07.24.2013::20:51:01> | >>> PRIVMSG khile :                !q hello world !g

07.24.2013::20:51:01> | >>> PRIVMSG khile :    Bang list: https://duckduckgo.com/bang.html

07.24.2013::20:51:16> | :khile!~null@198.144.186.169 PRIVMSG botbotclient :!help help

07.24.2013::20:51:16> | >>> PRIVMSG khile :For detailed help use !help [command]

07.24.2013::20:51:16> | >>> PRIVMSG khile :    <> - required parameter

07.24.2013::20:51:16> | >>> PRIVMSG khile :    [] - optional parameter

07.24.2013::20:51:16> | >>> PRIVMSG khile : 

07.24.2013::20:51:16> | >>> PRIVMSG khile :!tell <nick> <message> ............ Leave someone a message.

07.24.2013::20:51:16> | >>> PRIVMSG khile :!help ............................. List available commands.

07.24.2013::20:51:16> | >>> PRIVMSG khile :!lstell ........................... List pending messages.

07.24.2013::20:51:16> | >>> PRIVMSG khile :!urlq <query> ..................... Search urls.

07.24.2013::20:51:16> | >>> PRIVMSG khile :!urls [n] ......................... List urls.

07.24.2013::20:51:16> | >>> PRIVMSG khile :-Command-                           -Description-

07.24.2013::20:51:16> | >>> PRIVMSG khile :!q <query> ........................ Provide a search results link.

07.24.2013::20:51:20> | >>> PING irc.freenode.net

07.24.2013::20:51:20> | :cameron.freenode.net PONG cameron.freenode.net :irc.freenode.net

07.24.2013::20:51:24> | :khile!~null@198.144.186.169 PRIVMSG botbotclient :!help tell

07.24.2013::20:51:24> | >>> PRIVMSG khile :    Leave a message for nick. They will receive it the next

07.24.2013::20:51:24> | >>> PRIVMSG khile :!tell <nick> <message>

07.24.2013::20:51:24> | >>> PRIVMSG khile :        the message "hello world":

07.24.2013::20:51:24> | >>> PRIVMSG khile :        Examples of tell for a user with nick "AbcD123" with

07.24.2013::20:51:24> | >>> PRIVMSG khile :            !tell AbcD123 hello world

07.24.2013::20:51:24> | >>> PRIVMSG khile :            !tell abcd123 hello world

07.24.2013::20:51:24> | >>> PRIVMSG khile :    sensitive.

07.24.2013::20:51:24> | >>> PRIVMSG khile :            !tell aBCd123 hello world

07.24.2013::20:51:24> | >>> PRIVMSG khile :    time they join the channel. The nick parameter is not case

07.24.2013::20:51:24> | >>> PRIVMSG khile :            !tell ABCD123 hello world

07.24.2013::20:51:25> | :cameron.freenode.net NOTICE botbotclient :*** Message to khile throttled due to flooding

07.24.2013::20:51:26> | :cameron.freenode.net NOTICE botbotclient :*** Message to khile throttled due to flooding

07.24.2013::20:51:26> | :cameron.freenode.net NOTICE botbotclient :*** Message to khile throttled due to flooding

07.24.2013::20:51:43> | :khile!~null@198.144.186.169 PRIVMSG botbotclient :!help tell

07.24.2013::20:51:43> | >>> PRIVMSG khile :!tell <nick> <message>

07.24.2013::20:51:43> | >>> PRIVMSG khile :    time they join the channel. The nick parameter is not case

07.24.2013::20:51:43> | >>> PRIVMSG khile :            !tell abcd123 hello world

07.24.2013::20:51:43> | >>> PRIVMSG khile :    sensitive.

07.24.2013::20:51:43> | >>> PRIVMSG khile :    Leave a message for nick. They will receive it the next

07.24.2013::20:51:43> | >>> PRIVMSG khile :        Examples of tell for a user with nick "AbcD123" with

07.24.2013::20:51:43> | >>> PRIVMSG khile :            !tell ABCD123 hello world

07.24.2013::20:51:43> | >>> PRIVMSG khile :        the message "hello world":

07.24.2013::20:51:43> | >>> PRIVMSG khile :            !tell AbcD123 hello world

07.24.2013::20:51:43> | >>> PRIVMSG khile :            !tell aBCd123 hello world

07.24.2013::20:51:50> | >>> PING irc.freenode.net

07.24.2013::20:51:50> | :cameron.freenode.net PONG cameron.freenode.net :irc.freenode.net

07.24.2013::20:52:19> | :khile!~null@198.144.186.169 PRIVMSG botbotclient :!lstell

07.24.2013::20:52:19> | >>> PRIVMSG khile :[]

07.24.2013::20:52:20> | >>> PING irc.freenode.net

07.24.2013::20:52:20> | :cameron.freenode.net PONG cameron.freenode.net :irc.freenode.net

07.24.2013::20:52:27> | :khile!~null@198.144.186.169 PRIVMSG #botbotclient :!lstell

07.24.2013::20:52:27> | >>> PRIVMSG #botbotclient :[]

07.24.2013::20:52:32> | 
Goodbye
07.24.2013::20:52:32> | >>> DISCONNECT

